Arguments: 
  C:\Program Files\nodejs\node.exe C:\Program Files\nodejs\node_modules\yarn\bin\yarn.js init

PATH: 
  C:\Users\bpari\bin;C:\Program Files\Git\mingw64\bin;C:\Program Files\Git\usr\local\bin;C:\Program Files\Git\usr\bin;C:\Program Files\Git\usr\bin;C:\Program Files\Git\mingw64\bin;C:\Program Files\Git\usr\bin;C:\Users\bpari\bin;C:\Program Files (x86)\Common Files\Oracle\Java\javapath;C:\WINDOWS\system32;C:\WINDOWS;C:\WINDOWS\System32\Wbem;C:\WINDOWS\System32\WindowsPowerShell\v1.0;C:\WINDOWS\System32\OpenSSH;C:\Program Files\nodejs;C:\Program Files\dotnet;C:\ProgramData\chocolatey\bin;C:\Program Files\Git\cmd;C:\Program Files\Docker\Docker\resources\bin;C:\ProgramData\DockerDesktop\version-bin;C:\Program Files\MongoDB\Server\5.0\bin;C:\Users\bpari\AppData\Local\Microsoft\WindowsApps;C:\Users\bpari\AppData\Local\Programs\Microsoft VS Code\bin;C:\Users\bpari\AppData\Roaming\npm;C:\Users\bpari\AppData\Local\GitHubDesktop\bin;C:\Users\bpari\.dotnet\tools;C:\Program Files\themekit;C:\Program Files\Git\usr\bin\vendor_perl;C:\Program Files\Git\usr\bin\core_perl

Yarn version: 
  1.22.17

Node version: 
  15.4.0

Platform: 
  win32 x64

Trace: 
  Error: canceled
      at Interface.<anonymous> (C:\Program Files\nodejs\node_modules\yarn\lib\cli.js:137143:13)
      at Interface.emit (node:events:376:20)
      at Interface._ttyWrite (node:readline:909:16)
      at ReadStream.onkeypress (node:readline:234:10)
      at ReadStream.emit (node:events:376:20)
      at emitKeys (node:internal/readline/utils:358:14)
      at emitKeys.next (<anonymous>)
      at ReadStream.onData (node:readline:1178:36)
      at ReadStream.emit (node:events:376:20)
      at addChunk (node:internal/streams/readable:305:12)

npm manifest: 
  No manifest

yarn manifest: 
  No manifest

Lockfile: 
  No lockfile
